<html>
<body>
<pre>
<h1>Vision Build Log</h1>
<h2>Tool Versions:</h2>
IDE-Version: μVision V5.12.0.0
Copyright (C) 2014 ARM Ltd and ARM Germany GmbH. All rights reserved.
License Information: 111 AutoBVT, Microsoft, LIC=UJWQD-8RRAB-56WQ2-9G7TG-EYBSF-R7VIL
 
Tool Versions:
Toolchain:       MDK-ARM Standard  Version: 5.12.0.0
Toolchain Path:  C:\Keil_v5\ARM\ARMCC\Bin
C Compiler:      Armcc.exe V5.05 (build 41)
Assembler:       Armasm.exe V5.05 (build 41)
Linker/Locator:  ArmLink.exe V5.05 (build 41)
Library Manager: ArmAr.exe V5.05 (build 41)
Hex Converter:   FromElf.exe V5.05 (build 41)
CPU DLL:         SARMCM3.DLL V5.12.0.0
Dialog DLL:      DARMSTM.DLL V1.65.0.0
    Target DLL: Segger\JL2CM3.dll
Dialog DLL:      TARMSTM.DLL V1.64.0.0
 
<h2>Project:</h2>
F:\省电赛\主控\USER\template.uvprojx
Project File Date:  09/07/2018

<h2>Output:</h2>
Build target 'template'
compiling main.c...
compiling dataPointTools.c...
linking...
Program Size: Code=31420 RO-data=16464 RW-data=1560 ZI-data=3096  
FromELF: creating hex file...
"..\OBJ\template.axf" - 0 Error(s), 0 Warning(s).

<h2>Collection of Component include folders:</h2>
  F:\省电赛\主控\USER\RTE
  C:\Keil_v5\ARM\PACK\Keil\STM32F1xx_DFP\1.1.0\Device\Include

<h2>Collection of Component Files used:</h2>
</pre>
</body>
</html>
ration
                                if(sone_munber!=SONG_NUMNER)//按键改变播放歌曲
..\SYSTEM\SYN\SYN7318.c(130): warning:  #12-D: parsing restarts here after previous syntax error
  Slave_adrrD_MP3_BUFF[0]=MP3_QUIT;
..\SYSTEM\SYN\SYN7318.c(132): error:  #169: expected a declaration
  }
..\SYSTEM\SYN\SYN7318.c(197): warning:  #12-D: parsing restarts here after previous syntax error
                }break;
..\SYSTEM\SYN\SYN7318.c(198): error:  #169: expected a declaration
                case 0x06:
..\SYSTEM\SYN\SYN7318.c(201): warning:  #12-D: parsing restarts here after previous syntax error
                }break;
..\SYSTEM\SYN\SYN7318.c(203): error:  #169: expected a declaration
        }
..\SYSTEM\SYN\SYN7318.c(300): warning:  #12-D: parsing restarts here after previous syntax error
                Frame[1] = 0x00;
..\SYSTEM\SYN\SYN7318.c(301): error:  #77-D: this declaration has no storage class or type specifier
                Frame[2] = Length + 5;
..\SYSTEM\SYN\SYN7318.c(301): error:  #20: identifier "Length" is undefined
                Frame[2] = Length + 5;
..\SYSTEM\SYN\SYN7318.c(302): error:  #169: expected a declaration
                for(i = 0; i < Length; i++)
..\SYSTEM\SYN\SYN7318.c(306): warning:  #12-D: parsing restarts here after previous syntax error
                Clear_USART_RX_BUF3();//清除BUF3
..\SYSTEM\SYN\SYN7318.c(307): error:  #18: expected a ")"
          UART_Put_String(Frame, Length + 8);   
..\SYSTEM\SYN\SYN7318.c(307): warning:  #77-D: this declaration has no storage class or type specifier
          UART_Put_String(Frame, Length + 8);   
..\SYSTEM\SYN\SYN7318.c(307): error:  #92: identifier-list parameters may only be used in a function definition
          UART_Put_String(Frame, Length + 8);   
..\SYSTEM\SYN\SYN7318.c(307): error:  #147: declaration is incompatible with "void UART_Put_String(char *, uint16_t)" (declared at line 8 of "..\SYSTEM\SYN\UART3.h")
          UART_Put_String(Frame, Length + 8);   
..\SYSTEM\SYN\SYN7318.c(308): error:  #169: expected a declaration
        }
..\SYSTEM\SYN\SYN7318.c(311): error:  #77-D: this declaration has no storage class or type specifier
                USART_RX_BUF3_FULL=0;
..\SYSTEM\SYN\SYN7318.c(311): error:  #147: declaration is incompatible with "u8 USART_RX_BUF3_FULL" (declared at line 46 of "..\SYSTEM\usart\usart.h")
                USART_RX_BUF3_FULL=0;
..\SYSTEM\SYN\SYN7318.c(312): error:  #169: expected a declaration
        if(USART_RX_BUF3[3] == 0x41)
..\SYSTEM\SYN\SYN7318.c(374): warning: At end of source:  #12-D: parsing restarts here after previous syntax error
..\SYSTEM\SYN\SYN7318.c: 8 warnings, 15 errors
compiling core_cm3.c...
assembling startup_stm32f10x_hd.s...
compiling misc.c...
compiling stm32f10x_adc.c...
compiling stm32f10x_bkp.c...
compiling stm32f10x_can.c...
compiling stm32f10x_cec.c...
compiling stm32f10x_crc.c...
compiling stm32f10x_dac.c...
compiling stm32f10x_dbgmcu.c...
compiling stm32f10x_dma.c...
compiling stm32f10x_exti.c...
compiling stm32f10x_flash.c...
compiling stm32f10x_fsmc.c...
compiling stm32f10x_gpio.c...
compiling stm32f10x_i2c.c...
compiling stm32f10x_iwdg.c...
compiling stm32f10x_pwr.c...
compiling stm32f10x_rcc.c...
compiling stm32f10x_rtc.c...
compiling stm32f10x_sdio.c...
compiling stm32f10x_spi.c...
compiling stm32f10x_tim.c...
compiling stm32f10x_usart.c...
compiling stm32f10x_wwdg.c...
compiling delay.c...
compiling sys.c...
compiling usart.c...
compiling UART3.c...
compiling gpio.c...
compiling Slave.c...
compiling common.c...
compiling dataPointTools.c...
compiling gizwits_product.c...
..\Gizwits\gizwits_product.c(58): warning:  #177-D: variable "wifiData" was declared but never referenced
    moduleStatusInfo_t *wifiData = (moduleStatusInfo_t *)gizdata;
..\Gizwits\gizwits_product.c(59): warning:  #177-D: variable "ptime" was declared but never referenced
    protocolTime_t *ptime = (protocolTime_t *)gizdata;
..\Gizwits\gizwits_product.c(64): warning:  #177-D: variable "ptModuleInfo" was declared but never referenced
    moduleInfo_t *ptModuleInfo = (moduleInfo_t *)gizdata;
..\Gizwits\gizwits_product.c: 3 warnings, 0 errors
compiling gizwits_protocol.c...
compiling ringbuffer.c...
compiling bsp_GeneralTim.c...
compiling bsp_led.c...
compiling bsp_key.c...
..\key\bsp_key.c(25): warning:  #940-D: missing return statement at end of non-void function "Key_Scan"
  }
..\key\bsp_key.c: 1 warning, 0 errors
compiling bsp_ili9341_lcd.c...
compiling fonts.c...
compiling bsp_spi_flash.c...
"..\OBJ\template.axf" - 15 Error(s), 12 Warning(s).

<h2>Collection of Component include folders:</h2>
  F:\省电赛\主控\USER\RTE
  C:\Keil_v5\ARM\PACK\Keil\STM32F1xx_DFP\1.1.0\Device\Include

<h2>Collection of Component Files used:</h2>
Target not created.
